
21/04/2022 19:18:10 | Thomson initialized successfully
21/04/2022 19:18:51 | Thomson initialized successfully
21/04/2022 19:19:55 | Thomson initialized successfully
21/04/2022 19:24:09 | Thomson initialized successfully
21/04/2022 19:26:02 | Thomson initialized successfully
21/04/2022 19:33:43 | Thomson initialized successfully
21/04/2022 19:34:46 | Thomson initialized successfully
21/04/2022 19:36:03 | Thomson initialized successfully
21/04/2022 19:41:21 | serialized url-short
21/04/2022 19:41:21 | Thomson terminated successfully
21/04/2022 19:41:21 | t!logoff | puts required by: mmd
21/04/2022 20:15:02 | Thomson initialized successfully
21/04/2022 20:16:14 | Thomson initialized successfully
21/04/2022 20:18:26 | Thomson initialized successfully
21/04/2022 20:18:50 | updated enfermaria
21/04/2022 20:18:51 | updated regras
21/04/2022 20:21:38 | Thomson initialized successfully
21/04/2022 20:21:54 | updated enfermaria
21/04/2022 20:21:55 | updated regras
21/04/2022 20:23:04 | Thomson initialized successfully
21/04/2022 20:23:14 | updated enfermaria
21/04/2022 20:23:14 | updated regras
21/04/2022 20:23:45 | Thomson initialized successfully
21/04/2022 20:23:58 | updated regras
21/04/2022 20:27:06 | Thomson initialized successfully
21/04/2022 20:27:19 | updated enfermaria
21/04/2022 20:27:19 | updated regras
21/04/2022 20:28:35 | message [734469061676761139] was edited by mmd
21/04/2022 20:29:42 | Thomson initialized successfully
21/04/2022 20:29:58 | updated enfermaria
21/04/2022 20:31:04 | Thomson initialized successfully
21/04/2022 20:31:19 | updated enfermaria
21/04/2022 20:31:20 | updated regras
21/04/2022 20:31:40 | pinned message [966798397229133825] at regras-do-navio
21/04/2022 20:31:59 | Thomson initialized successfully
21/04/2022 20:32:13 | updated enfermaria
21/04/2022 20:32:14 | updated regras
21/04/2022 20:35:34 | updated enfermaria
21/04/2022 20:35:34 | updated regras
21/04/2022 20:38:43 | updated enfermaria
21/04/2022 20:38:43 | updated regras
21/04/2022 20:45:41 | Thomson initialized successfully
21/04/2022 20:46:57 | Thomson initialized successfully
21/04/2022 20:47:03 | true
21/04/2022 20:47:03 | updated enfermaria
21/04/2022 20:47:04 | false
21/04/2022 20:47:04 | updated regras
21/04/2022 20:50:46 | Thomson initialized successfully
21/04/2022 20:50:55 | updated enfermaria
21/04/2022 20:52:21 | Thomson initialized successfully
21/04/2022 20:52:28 | updated enfermaria
21/04/2022 20:52:28 | updated regras
21/04/2022 20:56:57 | Thomson initialized successfully
21/04/2022 20:57:17 | updated enfermaria
21/04/2022 20:57:18 | updated regras
21/04/2022 21:05:22 | Thomson initialized successfully
21/04/2022 21:05:23 | updated enfermaria
21/04/2022 21:05:24 | updated regras
21/04/2022 21:05:49 | Thomson initialized successfully
21/04/2022 21:05:50 | updated enfermaria
21/04/2022 21:05:50 | updated regras
21/04/2022 21:07:52 | Thomson initialized successfully
21/04/2022 21:07:53 | updated enfermaria
21/04/2022 21:07:53 | updated regras
21/04/2022 21:08:06 | serialized url-short
21/04/2022 21:08:06 | Thomson terminated successfully
21/04/2022 21:08:07 | t!logoff | puts required by: mmd
06/05/2022 18:57:11 | Thomson initialized successfully
06/05/2022 18:57:12 | updated enfermaria
06/05/2022 18:57:13 | updated regras
06/05/2022 18:57:42 | pinned message [972210565311234148] at sala-das-máquinas
06/05/2022 18:59:37 | Thomson initialized successfully
06/05/2022 18:59:39 | updated enfermaria
06/05/2022 18:59:40 | /home/mmd/deps/http-codec.lua:256: chunk-size field too large
06/05/2022 18:59:40 | updated regras
06/05/2022 19:07:36 | updated enfermaria
06/05/2022 19:07:37 | updated regras
06/05/2022 19:10:13 | Thomson initialized successfully
06/05/2022 19:10:14 | updated enfermaria
06/05/2022 19:10:14 | updated regras
06/05/2022 20:07:24 | Thomson initialized successfully
06/05/2022 20:07:25 | updated enfermaria
06/05/2022 20:07:27 | updated regras
06/05/2022 20:33:59 | Thomson initialized successfully
06/05/2022 20:56:56 | Thomson initialized successfully
06/05/2022 20:56:57 | updated enfermaria
06/05/2022 20:56:58 | updated regras
07/05/2022 18:05:29 | Thomson initialized successfully
07/05/2022 18:05:30 | updated enfermaria
07/05/2022 18:05:31 | updated regras
07/05/2022 18:09:14 | Thomson initialized successfully
07/05/2022 18:09:15 | updated enfermaria
07/05/2022 18:09:16 | updated regras
07/05/2022 18:19:03 | Thomson initialized successfully
07/05/2022 18:36:41 | Thomson initialized successfully
07/05/2022 18:58:22 | Thomson initialized successfully
07/05/2022 18:58:23 | updated enfermaria
07/05/2022 19:01:41 | Thomson initialized successfully
07/05/2022 19:01:41 | updated enfermaria
07/05/2022 19:01:42 | updated regras
07/05/2022 20:17:39 | Thomson initialized successfully
07/05/2022 20:17:40 | updated enfermaria
07/05/2022 20:17:41 | updated regras
07/05/2022 20:29:12 | Thomson initialized successfully
07/05/2022 20:29:12 | updated enfermaria
07/05/2022 20:29:13 | HTTP Error 50035 : Invalid Form Body
	BASE_TYPE_MAX_LENGTH in content : Must be 2000 or fewer in length.
07/05/2022 20:29:13 | updated sobre
07/05/2022 20:29:14 | updated regras
07/05/2022 20:30:32 | updated enfermaria
07/05/2022 20:30:32 | updated sobre
07/05/2022 20:30:33 | updated regras
07/05/2022 20:31:33 | updated enfermaria
07/05/2022 20:31:33 | updated sobre
07/05/2022 20:31:33 | updated regras
07/05/2022 20:35:04 | Thomson initialized successfully
07/05/2022 20:35:05 | updated enfermaria
07/05/2022 20:35:05 | HTTP Error 50035 : Invalid Form Body
	BASE_TYPE_MAX_LENGTH in content : Must be 2000 or fewer in length.
07/05/2022 20:35:05 | updated sobre
07/05/2022 20:35:06 | updated regras
07/05/2022 20:36:56 | updated enfermaria
07/05/2022 20:36:57 | updated sobre
07/05/2022 20:36:57 | updated regras
07/05/2022 20:38:19 | updated enfermaria
07/05/2022 20:38:19 | updated sobre
07/05/2022 20:38:19 | updated regras
07/05/2022 20:44:17 | Thomson initialized successfully
07/05/2022 20:44:17 | updated enfermaria
07/05/2022 20:44:18 | updated sobre
07/05/2022 20:44:19 | updated regras
07/05/2022 20:45:00 | Thomson initialized successfully
07/05/2022 20:45:01 | updated enfermaria
07/05/2022 20:45:01 | HTTP Error 50035 : Invalid Form Body
	BASE_TYPE_MAX_LENGTH in content : Must be 2000 or fewer in length.
07/05/2022 20:45:01 | updated sobre
07/05/2022 20:45:02 | updated regras
07/05/2022 20:50:48 | updated enfermaria
07/05/2022 20:50:48 | updated sobre
07/05/2022 20:50:48 | updated regras
07/05/2022 20:51:33 | Thomson initialized successfully
07/05/2022 20:51:34 | updated enfermaria
07/05/2022 20:51:35 | updated sobre
07/05/2022 20:51:35 | updated regras
07/05/2022 20:56:26 | Thomson initialized successfully
07/05/2022 20:56:27 | updated sobre
07/05/2022 20:57:15 | Thomson initialized successfully
07/05/2022 20:57:16 | updated sobre
07/05/2022 20:57:16 | updated biblioteca
07/05/2022 20:57:17 | /home/mmd/deps/http-codec.lua:256: chunk-size field too large
07/05/2022 20:57:17 | updated regras
07/05/2022 20:59:44 | Thomson initialized successfully
07/05/2022 20:59:45 | updated sobre
07/05/2022 20:59:46 | updated biblioteca
07/05/2022 20:59:47 | updated regras
07/05/2022 21:02:07 | Thomson initialized successfully
07/05/2022 21:02:08 | updated sobre
07/05/2022 21:02:09 | updated biblioteca
07/05/2022 21:02:09 | updated regras
07/05/2022 21:03:36 | updated sobre
07/05/2022 21:03:36 | updated biblioteca
07/05/2022 21:03:36 | updated regras
07/05/2022 21:04:22 | Thomson initialized successfully
07/05/2022 21:04:22 | updated sobre
07/05/2022 21:04:23 | updated biblioteca
07/05/2022 21:04:24 | /home/mmd/deps/http-codec.lua:256: chunk-size field too large
07/05/2022 21:04:24 | updated regras
07/05/2022 21:09:24 | Thomson initialized successfully
07/05/2022 21:09:25 | updated sobre
07/05/2022 21:09:26 | updated biblioteca
07/05/2022 21:09:27 | updated regras
07/05/2022 21:23:04 | serialized url-short
07/05/2022 21:23:04 | Thomson terminated successfully
07/05/2022 21:23:05 | t!logoff | puts required by: mmd
07/01/2023 20:45:26 | Thomson initialized successfully
07/01/2023 20:45:37 | Thomson initialized successfully
07/01/2023 20:47:01 | Thomson initialized successfully
07/01/2023 20:51:22 | Thomson initialized successfully
07/01/2023 20:52:10 | Thomson initialized successfully
07/01/2023 20:55:03 | Thomson initialized successfully
07/01/2023 20:59:04 | Thomson initialized successfully
07/01/2023 21:03:11 | Thomson initialized successfully
07/01/2023 21:03:52 | Thomson initialized successfully
07/01/2023 21:05:39 | Thomson initialized successfully
07/01/2023 21:26:09 | Thomson initialized successfully
07/01/2023 21:27:20 | Thomson initialized successfully
07/01/2023 21:33:19 | Thomson initialized successfully
10/01/2023 00:23:28 | Thomson initialized successfully
10/01/2023 00:27:55 | Thomson initialized successfully
10/01/2023 01:11:14 | Thomson initialized successfully
10/01/2023 01:12:40 | Thomson initialized successfully
10/01/2023 01:28:53 | Thomson initialized successfully
10/01/2023 01:37:39 | Thomson initialized successfully
10/01/2023 01:38:17 | Thomson initialized successfully
10/01/2023 01:38:54 | Thomson initialized successfully
10/01/2023 01:43:35 | Thomson initialized successfully
10/01/2023 01:44:14 | Thomson initialized successfully
10/01/2023 01:45:04 | Thomson initialized successfully
10/01/2023 01:46:11 | Thomson initialized successfully
10/01/2023 01:47:25 | Thomson initialized successfully
10/01/2023 01:47:50 | Thomson initialized successfully
10/01/2023 01:48:13 | Thomson initialized successfully
10/01/2023 01:48:53 | Thomson initialized successfully
10/01/2023 01:54:39 | Thomson initialized successfully
10/01/2023 01:55:30 | Thomson initialized successfully
10/01/2023 01:56:27 | Thomson initialized successfully
10/01/2023 01:56:54 | Thomson initialized successfully
10/01/2023 01:58:31 | Thomson initialized successfully
10/01/2023 01:58:52 | Thomson initialized successfully
10/01/2023 02:00:39 | Thomson initialized successfully
10/01/2023 02:01:15 | Thomson initialized successfully
10/01/2023 02:04:42 | Thomson initialized successfully
10/01/2023 02:05:01 | Thomson initialized successfully
10/01/2023 02:06:41 | Thomson initialized successfully
10/01/2023 02:07:02 | Thomson initialized successfully
10/01/2023 02:07:36 | Thomson initialized successfully
10/01/2023 02:07:51 | Thomson initialized successfully
10/01/2023 02:23:29 | Thomson initialized successfully
10/01/2023 02:23:55 | message [ 1062180193369870408] was edited by mmd
10/01/2023 02:24:48 | message [ 1062165008924037211] was edited by mmd
10/01/2023 02:29:19 | Thomson initialized successfully
10/01/2023 02:49:42 | message [ 966798397229133825] was edited by mmd
10/01/2023 02:53:05 | Thomson initialized successfully
10/01/2023 02:53:25 | message [ 966798397229133825 ] was edited by mmd
10/01/2023 02:55:21 | Thomson initialized successfully
10/01/2023 02:55:33 | message [966798397229133825] was edited by mmd
10/01/2023 02:59:01 | Thomson initialized successfully
10/01/2023 02:59:09 | message [966798397229133825] was edited by mmd
10/01/2023 03:07:08 | message [966798397229133825] was edited by mmd
10/01/2023 03:45:47 | serialized url-short
10/01/2023 03:45:47 | Thomson terminated successfully
10/01/2023 03:45:48 | t!logoff | puts required by: mmd
11/01/2023 18:13:03 | clovis has entered the crossnet
11/01/2023 18:16:33 | clovis has entered the crossnet
11/01/2023 18:28:02 | clovis has entered the crossnet
11/01/2023 18:43:20 | clovis has entered the crossnet
11/01/2023 18:44:17 | clovis has entered the crossnet
11/01/2023 18:46:08 | clovis has entered the crossnet
11/01/2023 18:49:38 | clovis has entered the crossnet
11/01/2023 18:50:55 | clovis has entered the crossnet
11/01/2023 18:57:20 | clovis has entered the crossnet
11/01/2023 18:58:06 | clovis has entered the crossnet
11/01/2023 18:58:37 | clovis has entered the crossnet
11/01/2023 18:59:08 | clovis has entered the crossnet
11/01/2023 19:00:09 | clovis has entered the crossnet
11/01/2023 19:02:33 | clovis has entered the crossnet
11/01/2023 19:03:14 | clovis has entered the crossnet